0 info it worked if it ends with ok
1 verbose cli [ '/usr/local/bin/node',
1 verbose cli   '/usr/local/bin/npm',
1 verbose cli   'install',
1 verbose cli   '-g',
1 verbose cli   'cordova',
1 verbose cli   'ionic' ]
2 info using npm@2.14.20
3 info using node@v4.4.0
4 verbose install initial load of /usr/local/lib/package.json
5 verbose readDependencies loading dependencies from /usr/local/lib/package.json
6 silly cache add args [ 'cordova', null ]
7 verbose cache add spec cordova
8 silly cache add args [ 'ionic', null ]
9 verbose cache add spec ionic
10 silly cache add parsed spec Result {
10 silly cache add   raw: 'cordova',
10 silly cache add   scope: null,
10 silly cache add   name: 'cordova',
10 silly cache add   rawSpec: '',
10 silly cache add   spec: 'latest',
10 silly cache add   type: 'tag' }
11 silly addNamed cordova@latest
12 verbose addNamed "latest" is being treated as a dist-tag for cordova
13 info addNameTag [ 'cordova', 'latest' ]
14 silly mapToRegistry name cordova
15 silly mapToRegistry using default registry
16 silly mapToRegistry registry https://registry.npmjs.org/
17 silly mapToRegistry uri https://registry.npmjs.org/cordova
18 verbose addNameTag registry:https://registry.npmjs.org/cordova not in flight; fetching
19 silly cache add parsed spec Result {
19 silly cache add   raw: 'ionic',
19 silly cache add   scope: null,
19 silly cache add   name: 'ionic',
19 silly cache add   rawSpec: '',
19 silly cache add   spec: 'latest',
19 silly cache add   type: 'tag' }
20 silly addNamed ionic@latest
21 verbose addNamed "latest" is being treated as a dist-tag for ionic
22 info addNameTag [ 'ionic', 'latest' ]
23 silly mapToRegistry name ionic
24 silly mapToRegistry using default registry
25 silly mapToRegistry registry https://registry.npmjs.org/
26 silly mapToRegistry uri https://registry.npmjs.org/ionic
27 verbose addNameTag registry:https://registry.npmjs.org/ionic not in flight; fetching
28 verbose request uri https://registry.npmjs.org/ionic
29 verbose request no auth needed
30 info attempt registry request try #1 at 9:54:36 AM
31 verbose request id e5f47607bff6931d
32 http request GET https://registry.npmjs.org/ionic
33 verbose request uri https://registry.npmjs.org/cordova
34 verbose request no auth needed
35 info attempt registry request try #1 at 9:54:36 AM
36 verbose etag "9CQRLULWRBQG8DCL5FHUMN22V"
37 http request GET https://registry.npmjs.org/cordova
38 http 200 https://registry.npmjs.org/cordova
39 verbose headers { server: 'CouchDB/1.5.0 (Erlang OTP/R16B03)',
39 verbose headers   etag: '"C4N9CU9A77QTZB77R3YSOM9FB"',
39 verbose headers   'content-type': 'application/json',
39 verbose headers   'content-encoding': 'gzip',
39 verbose headers   'cache-control': 'max-age=300',
39 verbose headers   'content-length': '31355',
39 verbose headers   'accept-ranges': 'bytes',
39 verbose headers   date: 'Wed, 25 May 2016 07:54:36 GMT',
39 verbose headers   via: '1.1 varnish',
39 verbose headers   age: '19',
39 verbose headers   connection: 'keep-alive',
39 verbose headers   'x-served-by': 'cache-fra1226-FRA',
39 verbose headers   'x-cache': 'HIT',
39 verbose headers   'x-cache-hits': '1',
39 verbose headers   'x-timer': 'S1464162876.973693,VS0,VE0',
39 verbose headers   vary: 'Accept-Encoding' }
40 silly get cb [ 200,
40 silly get   { server: 'CouchDB/1.5.0 (Erlang OTP/R16B03)',
40 silly get     etag: '"C4N9CU9A77QTZB77R3YSOM9FB"',
40 silly get     'content-type': 'application/json',
40 silly get     'content-encoding': 'gzip',
40 silly get     'cache-control': 'max-age=300',
40 silly get     'content-length': '31355',
40 silly get     'accept-ranges': 'bytes',
40 silly get     date: 'Wed, 25 May 2016 07:54:36 GMT',
40 silly get     via: '1.1 varnish',
40 silly get     age: '19',
40 silly get     connection: 'keep-alive',
40 silly get     'x-served-by': 'cache-fra1226-FRA',
40 silly get     'x-cache': 'HIT',
40 silly get     'x-cache-hits': '1',
40 silly get     'x-timer': 'S1464162876.973693,VS0,VE0',
40 silly get     vary: 'Accept-Encoding' } ]
41 verbose get saving cordova to /Users/VidSecki/.npm/registry.npmjs.org/cordova/.cache.json
42 verbose correctMkdir /Users/VidSecki/.npm correctMkdir not in flight; initializing
43 silly addNameTag next cb for cordova with tag latest
44 silly addNamed cordova@6.2.0
45 verbose addNamed "6.2.0" is a plain semver version for cordova
46 silly mapToRegistry name cordova
47 silly mapToRegistry using default registry
48 silly mapToRegistry registry https://registry.npmjs.org/
49 silly mapToRegistry uri https://registry.npmjs.org/cordova
50 verbose addRemoteTarball https://registry.npmjs.org/cordova/-/cordova-6.2.0.tgz not in flight; adding
51 verbose addRemoteTarball [ 'https://registry.npmjs.org/cordova/-/cordova-6.2.0.tgz',
51 verbose addRemoteTarball   '8442ec6f4d4440bc124713d32139d78efa1b72ce' ]
52 http 200 https://registry.npmjs.org/ionic
53 verbose headers { server: 'CouchDB/1.5.0 (Erlang OTP/R16B03)',
53 verbose headers   etag: '"50OWXNJR23DNSNBF5G6YB4ZET"',
53 verbose headers   'content-type': 'application/json',
53 verbose headers   'content-encoding': 'gzip',
53 verbose headers   'cache-control': 'max-age=300',
53 verbose headers   'content-length': '61517',
53 verbose headers   'accept-ranges': 'bytes',
53 verbose headers   date: 'Wed, 25 May 2016 07:54:36 GMT',
53 verbose headers   via: '1.1 varnish',
53 verbose headers   age: '232',
53 verbose headers   connection: 'keep-alive',
53 verbose headers   'x-served-by': 'cache-fra1242-FRA',
53 verbose headers   'x-cache': 'HIT',
53 verbose headers   'x-cache-hits': '1',
53 verbose headers   'x-timer': 'S1464162876.973139,VS0,VE0',
53 verbose headers   vary: 'Accept-Encoding' }
54 silly get cb [ 200,
54 silly get   { server: 'CouchDB/1.5.0 (Erlang OTP/R16B03)',
54 silly get     etag: '"50OWXNJR23DNSNBF5G6YB4ZET"',
54 silly get     'content-type': 'application/json',
54 silly get     'content-encoding': 'gzip',
54 silly get     'cache-control': 'max-age=300',
54 silly get     'content-length': '61517',
54 silly get     'accept-ranges': 'bytes',
54 silly get     date: 'Wed, 25 May 2016 07:54:36 GMT',
54 silly get     via: '1.1 varnish',
54 silly get     age: '232',
54 silly get     connection: 'keep-alive',
54 silly get     'x-served-by': 'cache-fra1242-FRA',
54 silly get     'x-cache': 'HIT',
54 silly get     'x-cache-hits': '1',
54 silly get     'x-timer': 'S1464162876.973139,VS0,VE0',
54 silly get     vary: 'Accept-Encoding' } ]
55 verbose get saving ionic to /Users/VidSecki/.npm/registry.npmjs.org/ionic/.cache.json
56 verbose correctMkdir /Users/VidSecki/.npm correctMkdir not in flight; initializing
57 info retry fetch attempt 1 at 9:54:36 AM
58 info attempt registry request try #1 at 9:54:36 AM
59 http fetch GET https://registry.npmjs.org/cordova/-/cordova-6.2.0.tgz
60 silly addNameTag next cb for ionic with tag latest
61 silly addNamed ionic@1.7.15
62 verbose addNamed "1.7.15" is a plain semver version for ionic
63 silly mapToRegistry name ionic
64 silly mapToRegistry using default registry
65 silly mapToRegistry registry https://registry.npmjs.org/
66 silly mapToRegistry uri https://registry.npmjs.org/ionic
67 verbose addRemoteTarball https://registry.npmjs.org/ionic/-/ionic-1.7.15.tgz not in flight; adding
68 verbose addRemoteTarball [ 'https://registry.npmjs.org/ionic/-/ionic-1.7.15.tgz',
68 verbose addRemoteTarball   'fe83a72a60d03d667d0f3bb47a4210f57356c322' ]
69 info retry fetch attempt 1 at 9:54:36 AM
70 info attempt registry request try #1 at 9:54:36 AM
71 http fetch GET https://registry.npmjs.org/ionic/-/ionic-1.7.15.tgz
72 http fetch 200 https://registry.npmjs.org/cordova/-/cordova-6.2.0.tgz
73 http fetch 200 https://registry.npmjs.org/ionic/-/ionic-1.7.15.tgz
74 silly fetchAndShaCheck shasum 8442ec6f4d4440bc124713d32139d78efa1b72ce
75 verbose addTmpTarball /var/folders/y4/sqnhp66j5d1c3lh83h7y9yvm0000gn/T/npm-1468-d008faaf/registry.npmjs.org/cordova/-/cordova-6.2.0.tgz not in flight; adding
76 verbose addTmpTarball already have metadata; skipping unpack for cordova@6.2.0
77 verbose correctMkdir /Users/VidSecki/.npm correctMkdir not in flight; initializing
78 silly cache afterAdd cordova@6.2.0
79 verbose afterAdd /Users/VidSecki/.npm/cordova/6.2.0/package/package.json not in flight; writing
80 verbose correctMkdir /Users/VidSecki/.npm correctMkdir not in flight; initializing
81 verbose afterAdd /Users/VidSecki/.npm/cordova/6.2.0/package/package.json written
82 silly fetchAndShaCheck shasum fe83a72a60d03d667d0f3bb47a4210f57356c322
83 verbose addTmpTarball /var/folders/y4/sqnhp66j5d1c3lh83h7y9yvm0000gn/T/npm-1468-d008faaf/registry.npmjs.org/ionic/-/ionic-1.7.15.tgz not in flight; adding
84 verbose addTmpTarball already have metadata; skipping unpack for ionic@1.7.15
85 verbose correctMkdir /Users/VidSecki/.npm correctMkdir not in flight; initializing
86 silly cache afterAdd ionic@1.7.15
87 verbose afterAdd /Users/VidSecki/.npm/ionic/1.7.15/package/package.json not in flight; writing
88 verbose correctMkdir /Users/VidSecki/.npm correctMkdir not in flight; initializing
89 verbose afterAdd /Users/VidSecki/.npm/ionic/1.7.15/package/package.json written
90 silly install resolved [ { name: 'cordova',
90 silly install resolved     version: '6.2.0',
90 silly install resolved     preferGlobal: 'true',
90 silly install resolved     description: 'Cordova command line interface tool',
90 silly install resolved     main: 'cordova',
90 silly install resolved     engines: { node: '>=0.9.9' },
90 silly install resolved     engineStrict: true,
90 silly install resolved     bin: { cordova: './bin/cordova' },
90 silly install resolved     scripts:
90 silly install resolved      { test: 'node node_modules/jasmine-node/bin/jasmine-node --captureExceptions --color spec',
90 silly install resolved        cover: 'node node_modules/istanbul/lib/cli.js cover --root src --print detail node_modules/jasmine-node/bin/jasmine-node -- spec' },
90 silly install resolved     repository:
90 silly install resolved      { type: 'git',
90 silly install resolved        url: 'https://git-wip-us.apache.org/repos/asf/cordova-cli.git' },
90 silly install resolved     bugs:
90 silly install resolved      { url: 'https://issues.apache.org/jira/browse/CB',
90 silly install resolved        email: 'dev@cordova.apache.org' },
90 silly install resolved     keywords: [ 'cordova', 'client', 'cli' ],
90 silly install resolved     dependencies:
90 silly install resolved      { 'cordova-lib': '6.2.0',
90 silly install resolved        'cordova-common': '1.3.x',
90 silly install resolved        q: '1.0.1',
90 silly install resolved        nopt: '3.0.1',
90 silly install resolved        underscore: '1.7.0',
90 silly install resolved        'update-notifier': '^0.5.0',
90 silly install resolved        insight: '~0.8.2' },
90 silly install resolved     devDependencies:
90 silly install resolved      { istanbul: '^0.3.4',
90 silly install resolved        grunt: '0.4.5',
90 silly install resolved        'grunt-retire': '0.3.7',
90 silly install resolved        'jasmine-node': '1.14.5' },
90 silly install resolved     author: { name: 'Anis Kadri' },
90 silly install resolved     contributors:
90 silly install resolved      [ [Object],
90 silly install resolved        [Object],
90 silly install resolved        [Object],
90 silly install resolved        [Object],
90 silly install resolved        [Object],
90 silly install resolved        [Object],
90 silly install resolved        [Object],
90 silly install resolved        [Object],
90 silly install resolved        [Object],
90 silly install resolved        [Object],
90 silly install resolved        [Object],
90 silly install resolved        [Object],
90 silly install resolved        [Object],
90 silly install resolved        [Object],
90 silly install resolved        [Object],
90 silly install resolved        [Object],
90 silly install resolved        [Object],
90 silly install resolved        [Object],
90 silly install resolved        [Object],
90 silly install resolved        [Object],
90 silly install resolved        [Object],
90 silly install resolved        [Object],
90 silly install resolved        [Object],
90 silly install resolved        [Object] ],
90 silly install resolved     license: 'Apache-2.0',
90 silly install resolved     _id: 'cordova@6.2.0',
90 silly install resolved     _shasum: '8442ec6f4d4440bc124713d32139d78efa1b72ce',
90 silly install resolved     _resolved: 'https://registry.npmjs.org/cordova/-/cordova-6.2.0.tgz',
90 silly install resolved     _from: 'cordova@latest',
90 silly install resolved     _npmVersion: '3.9.0',
90 silly install resolved     _nodeVersion: '5.4.1',
90 silly install resolved     _npmUser: { name: 'stevegill', email: 'stevengill97@gmail.com' },
90 silly install resolved     dist:
90 silly install resolved      { shasum: '8442ec6f4d4440bc124713d32139d78efa1b72ce',
90 silly install resolved        tarball: 'https://registry.npmjs.org/cordova/-/cordova-6.2.0.tgz' },
90 silly install resolved     maintainers:
90 silly install resolved      [ [Object],
90 silly install resolved        [Object],
90 silly install resolved        [Object],
90 silly install resolved        [Object],
90 silly install resolved        [Object],
90 silly install resolved        [Object],
90 silly install resolved        [Object],
90 silly install resolved        [Object],
90 silly install resolved        [Object],
90 silly install resolved        [Object],
90 silly install resolved        [Object],
90 silly install resolved        [Object],
90 silly install resolved        [Object],
90 silly install resolved        [Object],
90 silly install resolved        [Object],
90 silly install resolved        [Object],
90 silly install resolved        [Object],
90 silly install resolved        [Object] ],
90 silly install resolved     _npmOperationalInternal:
90 silly install resolved      { host: 'packages-12-west.internal.npmjs.com',
90 silly install resolved        tmp: 'tmp/cordova-6.2.0.tgz_1464130173210_0.7832138144876808' },
90 silly install resolved     directories: {} },
90 silly install resolved   { name: 'ionic',
90 silly install resolved     version: '1.7.15',
90 silly install resolved     preferGlobal: true,
90 silly install resolved     description: 'A tool for creating and developing Ionic Framework mobile apps.',
90 silly install resolved     homepage: 'http://ionicframework.com/',
90 silly install resolved     bin: { ionic: 'bin/ionic' },
90 silly install resolved     scripts:
90 silly install resolved      { bump: 'node lib/tasks/bumpversion',
90 silly install resolved        'beta-bump': 'node lib/tasks/bumpversion --level pre --identifier beta',
90 silly install resolved        'publish-release': 'node lib/tasks/bumpversion --npmPublish',
90 silly install resolved        'publish-tag': 'node lib/tasks/bumpversion --level beta --npmPublishTag',
90 silly install resolved        'full-release': 'node lib/tasks/bumpversion --npmInstall --git --npmPublish',
90 silly install resolved        test: 'npm run jasmine',
90 silly install resolved        coveralls: 'istanbul cover node_modules/jasmine-node/bin/jasmine-node --captureExceptions spec/ && cat coverage/lcov.info | node_modules/coveralls/bin/coveralls.js && rm -rf coverage',
90 silly install resolved        e2e: 'jasmine-node --captureExceptions e2e/',
90 silly install resolved        jasmine: 'jasmine-node --captureExceptions  spec/' },
90 silly install resolved     keywords:
90 silly install resolved      [ 'ionic',
90 silly install resolved        'ionic framework',
90 silly install resolved        'ionicframework',
90 silly install resolved        'mobile',
90 silly install resolved        'app',
90 silly install resolved        'hybrid',
90 silly install resolved        'cordova',
90 silly install resolved        'phonegap' ],
90 silly install resolved     repository:
90 silly install resolved      { type: 'git',
90 silly install resolved        url: 'git+https://github.com/driftyco/ionic-cli.git' },
90 silly install resolved     contributors: [ [Object], [Object], [Object], [Object] ],
90 silly install resolved     license: 'MIT',
90 silly install resolved     dependencies:
90 silly install resolved      { async: '^0.9.0',
90 silly install resolved        cheerio: '^0.19.0',
90 silly install resolved        'cli-table': '^0.3.1',
90 silly install resolved        colors: '0.6.2',
90 silly install resolved        connect: '3.1.1',
90 silly install resolved        'connect-livereload': '0.5.2',
90 silly install resolved        crc: '3.2.1',
90 silly install resolved        'cross-spawn': '0.2.3',
90 silly install resolved        'event-stream': '3.0.x',
90 silly install resolved        'expand-tilde': '^1.2.0',
90 silly install resolved        finalhandler: '0.2.0',
90 silly install resolved        'form-data': '0.1.4',
90 silly install resolved        gulp: '3.8.8',
90 silly install resolved        'ionic-app-lib': '0.7.2',
90 silly install resolved        moment: '^2.10.6',
90 silly install resolved        ncp: '0.4.2',
90 silly install resolved        npm: '2.1.3',
90 silly install resolved        open: '0.0.5',
90 silly install resolved        optimist: '0.6.0',
90 silly install resolved        progress: '1.1.7',
90 silly install resolved        prompt: '0.2.12',
90 silly install resolved        'proxy-middleware': '^0.7.0',
90 silly install resolved        q: '1.0.1',
90 silly install resolved        request: '2.51.0',
90 silly install resolved        semver: '^4.2.0',
90 silly install resolved        'serve-static': '1.7.1',
90 silly install resolved        shelljs: '0.2.6',
90 silly install resolved        'tiny-lr-fork': '0.0.5',
90 silly install resolved        underscore: '~1.7.0',
90 silly install resolved        unzip: '0.1.9',
90 silly install resolved        'vinyl-fs': '0.3.7',
90 silly install resolved        xml2js: '0.4.4' },
90 silly install resolved     devDependencies:
90 silly install resolved      { istanbul: '^0.4.3',
90 silly install resolved        'jasmine-node': '^1.14.5',
90 silly install resolved        rewire: '^2.3.4',
90 silly install resolved        coveralls: '^2.2.0' },
90 silly install resolved     gitHead: '957596cecf029184f097778aef89ebe95072d56b',
90 silly install resolved     bugs: { url: 'https://github.com/driftyco/ionic-cli/issues' },
90 silly install resolved     bundleDependencies:
90 silly install resolved      [ 'async',
90 silly install resolved        'cheerio',
90 silly install resolved        'cli-table',
90 silly install resolved        'colors',
90 silly install resolved        'connect',
90 silly install resolved        'connect-livereload',
90 silly install resolved        'crc',
90 silly install resolved        'cross-spawn',
90 silly install resolved        'event-stream',
90 silly install resolved        'expand-tilde',
90 silly install resolved        'finalhandler',
90 silly install resolved        'form-data',
90 silly install resolved        'gulp',
90 silly install resolved        'ionic-app-lib',
90 silly install resolved        'moment',
90 silly install resolved        'ncp',
90 silly install resolved        'npm',
90 silly install resolved        'open',
90 silly install resolved        'optimist',
90 silly install resolved        'progress',
90 silly install resolved        'prompt',
90 silly install resolved        'proxy-middleware',
90 silly install resolved        'q',
90 silly install resolved        'request',
90 silly install resolved        'semver',
90 silly install resolved        'serve-static',
90 silly install resolved        'shelljs',
90 silly install resolved        'tiny-lr-fork',
90 silly install resolved        'underscore',
90 silly install resolved        'unzip',
90 silly install resolved        'vinyl-fs',
90 silly install resolved        'xml2js' ],
90 silly install resolved     _id: 'ionic@1.7.15',
90 silly install resolved     _shasum: 'fe83a72a60d03d667d0f3bb47a4210f57356c322',
90 silly install resolved     _from: 'ionic@latest',
90 silly install resolved     _npmVersion: '2.15.0',
90 silly install resolved     _nodeVersion: '4.4.2',
90 silly install resolved     _npmUser: { name: 'jthoms1', email: 'jthoms1@gmail.com' },
90 silly install resolved     dist:
90 silly install resolved      { shasum: 'fe83a72a60d03d667d0f3bb47a4210f57356c322',
90 silly install resolved        tarball: 'https://registry.npmjs.org/ionic/-/ionic-1.7.15.tgz' },
90 silly install resolved     maintainers: [ [Object], [Object], [Object], [Object], [Object], [Object] ],
90 silly install resolved     _npmOperationalInternal:
90 silly install resolved      { host: 'packages-12-west.internal.npmjs.com',
90 silly install resolved        tmp: 'tmp/ionic-1.7.15.tgz_1464035883321_0.045886170817539096' },
90 silly install resolved     directories: {},
90 silly install resolved     _resolved: 'https://registry.npmjs.org/ionic/-/ionic-1.7.15.tgz' } ]
91 info install cordova@6.2.0 into /usr/local/lib
92 info install ionic@1.7.15 into /usr/local/lib
93 info installOne cordova@6.2.0
94 verbose installOne of cordova to /usr/local/lib not in flight; installing
95 verbose correctMkdir /Users/VidSecki/.npm/_locks correctMkdir not in flight; initializing
96 info installOne ionic@1.7.15
97 verbose installOne of ionic to /usr/local/lib not in flight; installing
98 verbose correctMkdir /Users/VidSecki/.npm/_locks correctMkdir already in flight; waiting
99 verbose lock using /Users/VidSecki/.npm/_locks/cordova-fa12e2e096426a32.lock for /usr/local/lib/node_modules/cordova
100 verbose lock using /Users/VidSecki/.npm/_locks/ionic-61c0cd50dc7a1457.lock for /usr/local/lib/node_modules/ionic
101 silly install write writing cordova 6.2.0 to /usr/local/lib/node_modules/cordova
102 silly install write writing ionic 1.7.15 to /usr/local/lib/node_modules/ionic
103 verbose unbuild lib/node_modules/ionic
104 verbose unbuild lib/node_modules/cordova
105 silly gentlyRm /usr/local/lib/node_modules/ionic is being purged from base /usr/local
106 verbose gentlyRm don't care about contents; nuking /usr/local/lib/node_modules/ionic
107 verbose tar unpack /Users/VidSecki/.npm/ionic/1.7.15/package.tgz
108 verbose tar unpacking to /usr/local/lib/node_modules/ionic
109 silly gentlyRm /usr/local/lib/node_modules/ionic is being purged
110 verbose gentlyRm don't care about contents; nuking /usr/local/lib/node_modules/ionic
111 silly gunzTarPerm modes [ '755', '644' ]
112 error tar.unpack untar error /Users/VidSecki/.npm/ionic/1.7.15/package.tgz
113 verbose unlock done using /Users/VidSecki/.npm/_locks/ionic-61c0cd50dc7a1457.lock for /usr/local/lib/node_modules/ionic
114 info preuninstall cordova@6.1.1
115 info uninstall cordova@6.1.1
116 verbose unbuild rmStuff cordova@6.1.1 from /usr/local/lib/node_modules
117 silly gentlyRm /usr/local/bin/cordova is being gently removed
118 silly gentlyRm verifying /usr/local is an npm working directory
119 silly gentlyRm containing path /usr/local is under npm's control, in /usr/local
120 silly gentlyRm deletion target /usr/local/bin/cordova is under /usr/local
121 verbose gentlyRm vacuuming from /usr/local/bin/cordova up to /usr/local
122 silly vacuum-fs removing /usr/local/bin/cordova
123 silly vacuum-fs quitting because other entries in /usr/local/bin
124 info postuninstall cordova@6.1.1
125 silly gentlyRm /usr/local/lib/node_modules/cordova is being purged from base /usr/local
126 verbose gentlyRm don't care about contents; nuking /usr/local/lib/node_modules/cordova
127 silly vacuum-fs purging /usr/local/lib/node_modules/cordova
128 verbose unlock done using /Users/VidSecki/.npm/_locks/cordova-fa12e2e096426a32.lock for /usr/local/lib/node_modules/cordova
129 verbose fstream_path /usr/local/lib/node_modules/ionic
130 verbose fstream_type Directory
131 verbose fstream_class DirWriter
132 verbose stack Error: EACCES: permission denied, mkdir '/usr/local/lib/node_modules/ionic'
132 verbose stack     at Error (native)
133 verbose fstream_stack /usr/local/lib/node_modules/npm/node_modules/fstream/lib/dir-writer.js:35:25
133 verbose fstream_stack /usr/local/lib/node_modules/npm/node_modules/mkdirp/index.js:47:53
133 verbose fstream_stack FSReqWrap.oncomplete (fs.js:82:15)
134 verbose cwd /Users/VidSecki/School/FERI/Mag_1_letnik/ST/projekt
135 error Darwin 15.5.0
136 error argv "/usr/local/bin/node" "/usr/local/bin/npm" "install" "-g" "cordova" "ionic"
137 error node v4.4.0
138 error npm  v2.14.20
139 error path /usr/local/lib/node_modules/ionic
140 error code EACCES
141 error errno -13
142 error syscall mkdir
143 error Error: EACCES: permission denied, mkdir '/usr/local/lib/node_modules/ionic'
143 error     at Error (native)
143 error  { [Error: EACCES: permission denied, mkdir '/usr/local/lib/node_modules/ionic']
143 error   errno: -13,
143 error   code: 'EACCES',
143 error   syscall: 'mkdir',
143 error   path: '/usr/local/lib/node_modules/ionic',
143 error   fstream_type: 'Directory',
143 error   fstream_path: '/usr/local/lib/node_modules/ionic',
143 error   fstream_class: 'DirWriter',
143 error   fstream_stack:
143 error    [ '/usr/local/lib/node_modules/npm/node_modules/fstream/lib/dir-writer.js:35:25',
143 error      '/usr/local/lib/node_modules/npm/node_modules/mkdirp/index.js:47:53',
143 error      'FSReqWrap.oncomplete (fs.js:82:15)' ] }
144 error Please try running this command again as root/Administrator.
145 verbose exit [ -13, true ]
146 verbose unbuild lib/node_modules/ionic
147 silly gentlyRm /usr/local/lib/node_modules/ionic is being purged from base /usr/local
148 verbose gentlyRm don't care about contents; nuking /usr/local/lib/node_modules/ionic
149 verbose unbuild lib/node_modules/cordova
150 info preuninstall cordova@6.1.1
151 info uninstall cordova@6.1.1
152 verbose unbuild rmStuff cordova@6.1.1 from /usr/local/lib/node_modules
153 silly gentlyRm /usr/local/bin/cordova is being gently removed
154 silly gentlyRm verifying /usr/local is an npm working directory
155 silly gentlyRm containing path /usr/local is under npm's control, in /usr/local
156 silly gentlyRm deletion target /usr/local/bin/cordova is under /usr/local
157 verbose gentlyRm vacuuming from /usr/local/bin/cordova up to /usr/local
158 info postuninstall cordova@6.1.1
159 silly gentlyRm /usr/local/lib/node_modules/cordova is being purged from base /usr/local
160 verbose gentlyRm don't care about contents; nuking /usr/local/lib/node_modules/cordova
161 silly vacuum-fs purging /usr/local/lib/node_modules/cordova
162 error error rolling back Error: EACCES: permission denied, rmdir '/usr/local/lib/node_modules/cordova'
162 error error rolling back     at Error (native)
162 error error rolling back  { [Error: EACCES: permission denied, rmdir '/usr/local/lib/node_modules/cordova']
162 error error rolling back   errno: -13,
162 error error rolling back   code: 'EACCES',
162 error error rolling back   syscall: 'rmdir',
162 error error rolling back   path: '/usr/local/lib/node_modules/cordova' }
