0 info it worked if it ends with ok
1 verbose cli [ '/usr/local/bin/node',
1 verbose cli   '/usr/local/bin/npm',
1 verbose cli   'install',
1 verbose cli   '-g',
1 verbose cli   'ios-deploy',
1 verbose cli   '--unsafe-perm=true' ]
2 info using npm@2.14.20
3 info using node@v4.4.0
4 verbose install initial load of /usr/local/lib/package.json
5 verbose readDependencies loading dependencies from /usr/local/lib/package.json
6 silly cache add args [ 'ios-deploy', null ]
7 verbose cache add spec ios-deploy
8 silly cache add parsed spec Result {
8 silly cache add   raw: 'ios-deploy',
8 silly cache add   scope: null,
8 silly cache add   name: 'ios-deploy',
8 silly cache add   rawSpec: '',
8 silly cache add   spec: 'latest',
8 silly cache add   type: 'tag' }
9 silly addNamed ios-deploy@latest
10 verbose addNamed "latest" is being treated as a dist-tag for ios-deploy
11 info addNameTag [ 'ios-deploy', 'latest' ]
12 silly mapToRegistry name ios-deploy
13 silly mapToRegistry using default registry
14 silly mapToRegistry registry https://registry.npmjs.org/
15 silly mapToRegistry uri https://registry.npmjs.org/ios-deploy
16 verbose addNameTag registry:https://registry.npmjs.org/ios-deploy not in flight; fetching
17 verbose request uri https://registry.npmjs.org/ios-deploy
18 verbose request no auth needed
19 info attempt registry request try #1 at 2:39:38 PM
20 verbose request id 3afc8d079e8763f1
21 verbose etag "5ALDUQ1GLDBEYMDJK8RUMV18V"
22 http request GET https://registry.npmjs.org/ios-deploy
23 http 304 https://registry.npmjs.org/ios-deploy
24 verbose headers { date: 'Thu, 26 May 2016 12:39:39 GMT',
24 verbose headers   via: '1.1 varnish',
24 verbose headers   'cache-control': 'max-age=300',
24 verbose headers   etag: '"5ALDUQ1GLDBEYMDJK8RUMV18V"',
24 verbose headers   age: '250',
24 verbose headers   connection: 'keep-alive',
24 verbose headers   'x-served-by': 'cache-fra1247-FRA',
24 verbose headers   'x-cache': 'HIT',
24 verbose headers   'x-cache-hits': '1',
24 verbose headers   'x-timer': 'S1464266379.376974,VS0,VE0',
24 verbose headers   vary: 'Accept-Encoding' }
25 silly get cb [ 304,
25 silly get   { date: 'Thu, 26 May 2016 12:39:39 GMT',
25 silly get     via: '1.1 varnish',
25 silly get     'cache-control': 'max-age=300',
25 silly get     etag: '"5ALDUQ1GLDBEYMDJK8RUMV18V"',
25 silly get     age: '250',
25 silly get     connection: 'keep-alive',
25 silly get     'x-served-by': 'cache-fra1247-FRA',
25 silly get     'x-cache': 'HIT',
25 silly get     'x-cache-hits': '1',
25 silly get     'x-timer': 'S1464266379.376974,VS0,VE0',
25 silly get     vary: 'Accept-Encoding' } ]
26 verbose etag https://registry.npmjs.org/ios-deploy from cache
27 verbose get saving ios-deploy to /Users/VidSecki/.npm/registry.npmjs.org/ios-deploy/.cache.json
28 verbose correctMkdir /Users/VidSecki/.npm correctMkdir not in flight; initializing
29 silly addNameTag next cb for ios-deploy with tag latest
30 silly addNamed ios-deploy@1.8.6
31 verbose addNamed "1.8.6" is a plain semver version for ios-deploy
32 silly cache afterAdd ios-deploy@1.8.6
33 verbose afterAdd /Users/VidSecki/.npm/ios-deploy/1.8.6/package/package.json not in flight; writing
34 verbose correctMkdir /Users/VidSecki/.npm correctMkdir not in flight; initializing
35 verbose afterAdd /Users/VidSecki/.npm/ios-deploy/1.8.6/package/package.json written
36 silly install resolved [ { name: 'ios-deploy',
36 silly install resolved     version: '1.8.6',
36 silly install resolved     os: [ 'darwin' ],
36 silly install resolved     description: 'launch iOS apps iOS devices from the command line (Xcode 7)',
36 silly install resolved     main: 'ios-deploy',
36 silly install resolved     scripts:
36 silly install resolved      { preinstall: './src/scripts/check_reqs.js && xcodebuild',
36 silly install resolved        test: 'npm run pycompile && npm run jshint && xcodebuild -target ios-deploy-lib && xcodebuild test -scheme ios-deploy-tests',
36 silly install resolved        jshint: 'node node_modules/jshint/bin/jshint src/scripts/*.js',
36 silly install resolved        pycompile: 'python -m py_compile src/scripts/*.py' },
36 silly install resolved     bin: { 'ios-deploy': './build/Release/ios-deploy' },
36 silly install resolved     repository:
36 silly install resolved      { type: 'git',
36 silly install resolved        url: 'git+https://github.com/phonegap/ios-deploy.git' },
36 silly install resolved     devDependencies: { jshint: '2.5.8' },
36 silly install resolved     keywords: [ 'ios-deploy', 'deploy to iOS device' ],
36 silly install resolved     bugs: { url: 'https://github.com/phonegap/ios-deploy/issues' },
36 silly install resolved     author: { name: 'Greg Hughes' },
36 silly install resolved     license: 'GPLv3',
36 silly install resolved     gitHead: 'd7cccae1ade60378ce1134f496b68eeac53eb860',
36 silly install resolved     homepage: 'https://github.com/phonegap/ios-deploy#readme',
36 silly install resolved     _id: 'ios-deploy@1.8.6',
36 silly install resolved     _shasum: 'abb0b5132e7e6c89d1f521ba7c81c44eec54d4f5',
36 silly install resolved     _from: 'ios-deploy@latest',
36 silly install resolved     _npmVersion: '2.14.7',
36 silly install resolved     _nodeVersion: '4.2.2',
36 silly install resolved     _npmUser: { name: 'shazron', email: 'shazron@gmail.com' },
36 silly install resolved     maintainers: [ [Object], [Object], [Object] ],
36 silly install resolved     dist:
36 silly install resolved      { shasum: 'abb0b5132e7e6c89d1f521ba7c81c44eec54d4f5',
36 silly install resolved        tarball: 'https://registry.npmjs.org/ios-deploy/-/ios-deploy-1.8.6.tgz' },
36 silly install resolved     _npmOperationalInternal:
36 silly install resolved      { host: 'packages-16-east.internal.npmjs.com',
36 silly install resolved        tmp: 'tmp/ios-deploy-1.8.6.tgz_1460409336359_0.34613347332924604' },
36 silly install resolved     directories: {},
36 silly install resolved     _resolved: 'https://registry.npmjs.org/ios-deploy/-/ios-deploy-1.8.6.tgz',
36 silly install resolved     readme: 'ERROR: No README data found!' } ]
37 info install ios-deploy@1.8.6 into /usr/local/lib
38 info installOne ios-deploy@1.8.6
39 verbose installOne of ios-deploy to /usr/local/lib not in flight; installing
40 verbose correctMkdir /Users/VidSecki/.npm/_locks correctMkdir not in flight; initializing
41 verbose lock using /Users/VidSecki/.npm/_locks/ios-deploy-198957223cd98201.lock for /usr/local/lib/node_modules/ios-deploy
42 silly install write writing ios-deploy 1.8.6 to /usr/local/lib/node_modules/ios-deploy
43 verbose unbuild lib/node_modules/ios-deploy
44 silly gentlyRm /usr/local/lib/node_modules/ios-deploy is being purged from base /usr/local
45 verbose gentlyRm don't care about contents; nuking /usr/local/lib/node_modules/ios-deploy
46 verbose tar unpack /Users/VidSecki/.npm/ios-deploy/1.8.6/package.tgz
47 verbose tar unpacking to /usr/local/lib/node_modules/ios-deploy
48 silly gentlyRm /usr/local/lib/node_modules/ios-deploy is being purged
49 verbose gentlyRm don't care about contents; nuking /usr/local/lib/node_modules/ios-deploy
50 silly gunzTarPerm modes [ '755', '644' ]
51 error tar.unpack untar error /Users/VidSecki/.npm/ios-deploy/1.8.6/package.tgz
52 verbose unlock done using /Users/VidSecki/.npm/_locks/ios-deploy-198957223cd98201.lock for /usr/local/lib/node_modules/ios-deploy
53 verbose fstream_path /usr/local/lib/node_modules/ios-deploy
54 verbose fstream_type Directory
55 verbose fstream_class DirWriter
56 verbose stack Error: EACCES: permission denied, mkdir '/usr/local/lib/node_modules/ios-deploy'
56 verbose stack     at Error (native)
57 verbose fstream_stack /usr/local/lib/node_modules/npm/node_modules/fstream/lib/dir-writer.js:35:25
57 verbose fstream_stack /usr/local/lib/node_modules/npm/node_modules/mkdirp/index.js:47:53
57 verbose fstream_stack FSReqWrap.oncomplete (fs.js:82:15)
58 verbose cwd /Users/VidSecki/School/FERI/Mag_1_letnik/ST/projekt/FaksFood/FaksFood
59 error Darwin 15.5.0
60 error argv "/usr/local/bin/node" "/usr/local/bin/npm" "install" "-g" "ios-deploy" "--unsafe-perm=true"
61 error node v4.4.0
62 error npm  v2.14.20
63 error path /usr/local/lib/node_modules/ios-deploy
64 error code EACCES
65 error errno -13
66 error syscall mkdir
67 error Error: EACCES: permission denied, mkdir '/usr/local/lib/node_modules/ios-deploy'
67 error     at Error (native)
67 error  { [Error: EACCES: permission denied, mkdir '/usr/local/lib/node_modules/ios-deploy']
67 error   errno: -13,
67 error   code: 'EACCES',
67 error   syscall: 'mkdir',
67 error   path: '/usr/local/lib/node_modules/ios-deploy',
67 error   fstream_type: 'Directory',
67 error   fstream_path: '/usr/local/lib/node_modules/ios-deploy',
67 error   fstream_class: 'DirWriter',
67 error   fstream_stack:
67 error    [ '/usr/local/lib/node_modules/npm/node_modules/fstream/lib/dir-writer.js:35:25',
67 error      '/usr/local/lib/node_modules/npm/node_modules/mkdirp/index.js:47:53',
67 error      'FSReqWrap.oncomplete (fs.js:82:15)' ] }
68 error Please try running this command again as root/Administrator.
69 verbose exit [ -13, true ]
70 verbose unbuild lib/node_modules/ios-deploy
71 silly gentlyRm /usr/local/lib/node_modules/ios-deploy is being purged from base /usr/local
72 verbose gentlyRm don't care about contents; nuking /usr/local/lib/node_modules/ios-deploy
